mode: count
github.com/liangyaopei/checker/enum.go:14.65,16.14 2 6
github.com/liangyaopei/checker/enum.go:19.2,20.12 2 6
github.com/liangyaopei/checker/enum.go:25.2,25.17 1 5
github.com/liangyaopei/checker/enum.go:16.14,18.3 1 0
github.com/liangyaopei/checker/enum.go:20.12,24.3 1 1
github.com/liangyaopei/checker/enum.go:29.63,31.33 2 5
github.com/liangyaopei/checker/enum.go:34.2,39.3 1 5
github.com/liangyaopei/checker/enum.go:31.33,33.3 1 16
github.com/liangyaopei/checker/enum.go:49.62,51.14 2 7
github.com/liangyaopei/checker/enum.go:54.2,55.12 2 7
github.com/liangyaopei/checker/enum.go:60.2,60.17 1 7
github.com/liangyaopei/checker/enum.go:51.14,53.3 1 0
github.com/liangyaopei/checker/enum.go:55.12,59.3 1 0
github.com/liangyaopei/checker/enum.go:64.57,66.33 2 3
github.com/liangyaopei/checker/enum.go:69.2,74.3 1 3
github.com/liangyaopei/checker/enum.go:66.33,68.3 1 9
github.com/liangyaopei/checker/enum.go:84.63,86.14 2 1
github.com/liangyaopei/checker/enum.go:89.2,90.12 2 1
github.com/liangyaopei/checker/enum.go:95.2,95.17 1 1
github.com/liangyaopei/checker/enum.go:86.14,88.3 1 0
github.com/liangyaopei/checker/enum.go:90.12,94.3 1 0
github.com/liangyaopei/checker/enum.go:99.59,101.33 2 1
github.com/liangyaopei/checker/enum.go:104.2,109.3 1 1
github.com/liangyaopei/checker/enum.go:101.33,103.3 1 3
github.com/liangyaopei/checker/enum.go:119.64,121.14 2 1
github.com/liangyaopei/checker/enum.go:124.2,125.12 2 1
github.com/liangyaopei/checker/enum.go:130.2,130.17 1 1
github.com/liangyaopei/checker/enum.go:121.14,123.3 1 0
github.com/liangyaopei/checker/enum.go:125.12,129.3 1 0
github.com/liangyaopei/checker/enum.go:134.63,136.33 2 1
github.com/liangyaopei/checker/enum.go:139.2,144.3 1 1
github.com/liangyaopei/checker/enum.go:136.33,138.3 1 4
github.com/liangyaopei/checker/map.go:18.58,20.29 2 2
github.com/liangyaopei/checker/map.go:24.2,24.22 1 2
github.com/liangyaopei/checker/map.go:28.2,28.25 1 2
github.com/liangyaopei/checker/map.go:34.2,35.22 2 2
github.com/liangyaopei/checker/map.go:47.2,47.24 1 2
github.com/liangyaopei/checker/map.go:58.2,58.17 1 2
github.com/liangyaopei/checker/map.go:20.29,23.3 1 0
github.com/liangyaopei/checker/map.go:24.22,27.3 1 0
github.com/liangyaopei/checker/map.go:28.25,32.3 1 0
github.com/liangyaopei/checker/map.go:35.22,36.40 1 2
github.com/liangyaopei/checker/map.go:36.40,39.16 2 6
github.com/liangyaopei/checker/map.go:39.16,43.5 1 0
github.com/liangyaopei/checker/map.go:47.24,48.40 1 2
github.com/liangyaopei/checker/map.go:48.40,51.16 3 6
github.com/liangyaopei/checker/map.go:51.16,55.5 1 0
github.com/liangyaopei/checker/map.go:61.49,62.18 1 0
github.com/liangyaopei/checker/map.go:63.78,64.17 1 0
github.com/liangyaopei/checker/map.go:65.83,66.18 1 0
github.com/liangyaopei/checker/map.go:67.40,68.19 1 0
github.com/liangyaopei/checker/map.go:69.22,70.20 1 0
github.com/liangyaopei/checker/map.go:71.10,72.23 1 0
github.com/liangyaopei/checker/map.go:79.70,86.2 1 2
github.com/liangyaopei/checker/regex.go:25.42,33.2 2 3
github.com/liangyaopei/checker/regex.go:36.42,44.2 2 0
github.com/liangyaopei/checker/regex.go:47.49,55.2 2 0
github.com/liangyaopei/checker/regex.go:58.43,66.2 2 0
github.com/liangyaopei/checker/regex.go:69.44,77.2 2 0
github.com/liangyaopei/checker/regex.go:80.47,88.2 2 0
github.com/liangyaopei/checker/regex.go:91.48,99.2 2 0
github.com/liangyaopei/checker/regex.go:102.41,110.2 2 0
github.com/liangyaopei/checker/regex.go:113.45,121.2 2 1
github.com/liangyaopei/checker/regex.go:124.52,132.2 2 0
github.com/liangyaopei/checker/regex.go:141.60,144.18 3 4
github.com/liangyaopei/checker/regex.go:148.2,148.29 1 4
github.com/liangyaopei/checker/regex.go:152.2,152.22 1 4
github.com/liangyaopei/checker/regex.go:157.2,157.28 1 4
github.com/liangyaopei/checker/regex.go:162.2,164.46 2 4
github.com/liangyaopei/checker/regex.go:169.2,169.17 1 4
github.com/liangyaopei/checker/regex.go:144.18,146.3 1 4
github.com/liangyaopei/checker/regex.go:148.29,151.3 1 0
github.com/liangyaopei/checker/regex.go:152.22,155.3 1 0
github.com/liangyaopei/checker/regex.go:157.28,161.3 1 0
github.com/liangyaopei/checker/regex.go:164.46,168.3 1 0
github.com/liangyaopei/checker/regex.go:173.60,180.2 2 0
github.com/liangyaopei/checker/slice.go:16.60,18.29 2 6
github.com/liangyaopei/checker/slice.go:22.2,22.22 1 6
github.com/liangyaopei/checker/slice.go:27.2,27.52 1 6
github.com/liangyaopei/checker/slice.go:33.2,34.40 2 6
github.com/liangyaopei/checker/slice.go:42.2,42.17 1 4
github.com/liangyaopei/checker/slice.go:18.29,21.3 1 0
github.com/liangyaopei/checker/slice.go:22.22,25.3 1 0
github.com/liangyaopei/checker/slice.go:27.52,31.3 1 0
github.com/liangyaopei/checker/slice.go:34.40,37.15 3 11
github.com/liangyaopei/checker/slice.go:37.15,40.4 2 2
github.com/liangyaopei/checker/slice.go:47.58,53.2 1 7
github.com/liangyaopei/checker/slice.go:63.61,65.29 2 11
github.com/liangyaopei/checker/slice.go:69.2,69.22 1 10
github.com/liangyaopei/checker/slice.go:74.2,75.49 1 10
github.com/liangyaopei/checker/slice.go:81.2,83.36 3 10
github.com/liangyaopei/checker/slice.go:89.2,89.17 1 10
github.com/liangyaopei/checker/slice.go:65.29,68.3 1 1
github.com/liangyaopei/checker/slice.go:69.22,72.3 1 0
github.com/liangyaopei/checker/slice.go:75.49,79.3 1 0
github.com/liangyaopei/checker/slice.go:83.36,88.3 1 0
github.com/liangyaopei/checker/slice.go:94.59,101.2 1 10
github.com/liangyaopei/checker/strings.go:31.58,33.14 2 1
github.com/liangyaopei/checker/strings.go:37.2,41.39 3 1
github.com/liangyaopei/checker/strings.go:45.2,45.17 1 1
github.com/liangyaopei/checker/strings.go:51.2,52.41 2 1
github.com/liangyaopei/checker/strings.go:57.2,57.17 1 1
github.com/liangyaopei/checker/strings.go:33.14,35.3 1 0
github.com/liangyaopei/checker/strings.go:41.39,43.3 1 0
github.com/liangyaopei/checker/strings.go:45.17,49.3 1 0
github.com/liangyaopei/checker/strings.go:52.41,56.3 1 0
github.com/liangyaopei/checker/strings.go:61.40,66.2 1 1
github.com/liangyaopei/checker/strings.go:74.58,76.14 2 0
github.com/liangyaopei/checker/strings.go:80.2,84.39 3 0
github.com/liangyaopei/checker/strings.go:88.2,88.17 1 0
github.com/liangyaopei/checker/strings.go:94.2,95.16 2 0
github.com/liangyaopei/checker/strings.go:100.2,100.17 1 0
github.com/liangyaopei/checker/strings.go:76.14,78.3 1 0
github.com/liangyaopei/checker/strings.go:84.39,86.3 1 0
github.com/liangyaopei/checker/strings.go:88.17,92.3 1 0
github.com/liangyaopei/checker/strings.go:95.16,99.3 1 0
github.com/liangyaopei/checker/strings.go:104.40,109.2 1 0
github.com/liangyaopei/checker/strings.go:117.59,119.14 2 1
github.com/liangyaopei/checker/strings.go:123.2,125.18 3 1
github.com/liangyaopei/checker/strings.go:130.2,130.17 1 1
github.com/liangyaopei/checker/strings.go:119.14,121.3 1 0
github.com/liangyaopei/checker/strings.go:125.18,129.3 1 0
github.com/liangyaopei/checker/strings.go:134.41,139.2 1 1
github.com/liangyaopei/checker/strings.go:147.59,149.14 2 1
github.com/liangyaopei/checker/strings.go:152.2,155.18 3 1
github.com/liangyaopei/checker/strings.go:160.2,160.17 1 1
github.com/liangyaopei/checker/strings.go:149.14,151.3 1 0
github.com/liangyaopei/checker/strings.go:155.18,159.3 1 0
github.com/liangyaopei/checker/strings.go:164.41,169.2 1 1
github.com/liangyaopei/checker/strings.go:177.57,179.14 2 0
github.com/liangyaopei/checker/strings.go:182.2,184.15 2 0
github.com/liangyaopei/checker/strings.go:189.2,189.17 1 0
github.com/liangyaopei/checker/strings.go:179.14,181.3 1 0
github.com/liangyaopei/checker/strings.go:184.15,188.3 1 0
github.com/liangyaopei/checker/strings.go:193.39,198.2 1 0
github.com/liangyaopei/checker/strings.go:207.65,209.14 2 1
github.com/liangyaopei/checker/strings.go:212.2,212.46 1 1
github.com/liangyaopei/checker/strings.go:217.2,217.17 1 1
github.com/liangyaopei/checker/strings.go:209.14,211.3 1 0
github.com/liangyaopei/checker/strings.go:212.46,216.3 1 0
github.com/liangyaopei/checker/strings.go:221.62,227.2 1 1
github.com/liangyaopei/checker/strings.go:236.63,238.14 2 1
github.com/liangyaopei/checker/strings.go:242.2,242.46 1 1
github.com/liangyaopei/checker/strings.go:247.2,247.17 1 1
github.com/liangyaopei/checker/strings.go:238.14,240.3 1 0
github.com/liangyaopei/checker/strings.go:242.46,246.3 1 0
github.com/liangyaopei/checker/strings.go:251.60,257.2 1 1
github.com/liangyaopei/checker/strings.go:265.61,267.14 2 0
github.com/liangyaopei/checker/strings.go:270.2,270.37 1 0
github.com/liangyaopei/checker/strings.go:275.2,275.17 1 0
github.com/liangyaopei/checker/strings.go:267.14,269.3 1 0
github.com/liangyaopei/checker/strings.go:270.37,274.3 1 0
github.com/liangyaopei/checker/strings.go:279.43,284.2 1 0
github.com/liangyaopei/checker/strings.go:292.60,294.14 2 1
github.com/liangyaopei/checker/strings.go:297.2,298.37 2 1
github.com/liangyaopei/checker/strings.go:303.2,303.17 1 1
github.com/liangyaopei/checker/strings.go:294.14,296.3 1 0
github.com/liangyaopei/checker/strings.go:298.37,302.3 1 0
github.com/liangyaopei/checker/strings.go:307.42,312.2 1 1
github.com/liangyaopei/checker/strings.go:321.65,323.14 2 2
github.com/liangyaopei/checker/strings.go:326.2,327.16 2 2
github.com/liangyaopei/checker/strings.go:332.2,332.17 1 2
github.com/liangyaopei/checker/strings.go:323.14,325.3 1 0
github.com/liangyaopei/checker/strings.go:327.16,331.3 1 0
github.com/liangyaopei/checker/strings.go:336.62,342.2 1 2
github.com/liangyaopei/checker/strings.go:349.61,351.14 2 1
github.com/liangyaopei/checker/strings.go:354.2,354.29 1 1
github.com/liangyaopei/checker/strings.go:359.2,359.17 1 1
github.com/liangyaopei/checker/strings.go:351.14,353.3 1 0
github.com/liangyaopei/checker/strings.go:354.29,358.3 1 0
github.com/liangyaopei/checker/strings.go:363.45,368.2 1 1
github.com/liangyaopei/checker/strings.go:375.61,377.14 2 1
github.com/liangyaopei/checker/strings.go:380.2,380.29 1 1
github.com/liangyaopei/checker/strings.go:385.2,385.17 1 1
github.com/liangyaopei/checker/strings.go:377.14,379.3 1 0
github.com/liangyaopei/checker/strings.go:380.29,384.3 1 0
github.com/liangyaopei/checker/strings.go:389.45,394.2 1 1
github.com/liangyaopei/checker/strings.go:401.59,403.14 2 1
github.com/liangyaopei/checker/strings.go:406.2,406.56 1 1
github.com/liangyaopei/checker/strings.go:411.2,411.17 1 1
github.com/liangyaopei/checker/strings.go:403.14,405.3 1 0
github.com/liangyaopei/checker/strings.go:406.56,410.3 1 0
github.com/liangyaopei/checker/strings.go:415.43,420.2 1 1
github.com/liangyaopei/checker/strings.go:422.91,424.29 2 29
github.com/liangyaopei/checker/strings.go:428.2,428.22 1 29
github.com/liangyaopei/checker/strings.go:432.2,432.28 1 29
github.com/liangyaopei/checker/strings.go:437.2,437.37 1 29
github.com/liangyaopei/checker/strings.go:424.29,427.3 1 0
github.com/liangyaopei/checker/strings.go:428.22,431.3 1 0
github.com/liangyaopei/checker/strings.go:432.28,436.3 1 0
github.com/liangyaopei/checker/strings.go:440.41,444.33 2 2
github.com/liangyaopei/checker/strings.go:448.2,451.24 3 1
github.com/liangyaopei/checker/strings.go:455.2,455.17 1 1
github.com/liangyaopei/checker/strings.go:461.2,461.25 1 1
github.com/liangyaopei/checker/strings.go:444.33,446.3 1 1
github.com/liangyaopei/checker/strings.go:451.24,453.3 1 9
github.com/liangyaopei/checker/strings.go:455.17,457.3 1 0
github.com/liangyaopei/checker/strings.go:457.8,459.3 1 1
github.com/liangyaopei/checker/strings.go:464.41,468.33 2 2
github.com/liangyaopei/checker/strings.go:472.2,477.25 4 2
github.com/liangyaopei/checker/strings.go:481.2,481.56 1 2
github.com/liangyaopei/checker/strings.go:468.33,470.3 1 0
github.com/liangyaopei/checker/strings.go:477.25,479.3 1 24
github.com/liangyaopei/checker/checker.go:15.53,18.2 2 66
github.com/liangyaopei/checker/checker.go:20.70,21.36 1 17
github.com/liangyaopei/checker/checker.go:27.2,27.21 1 15
github.com/liangyaopei/checker/checker.go:21.36,23.15 2 66
github.com/liangyaopei/checker/checker.go:23.15,25.4 1 2
github.com/liangyaopei/checker/checker.go:32.27,34.2 1 17
github.com/liangyaopei/checker/comparisons.go:15.63,17.14 2 6
github.com/liangyaopei/checker/comparisons.go:20.2,20.34 1 6
github.com/liangyaopei/checker/comparisons.go:24.2,24.17 1 4
github.com/liangyaopei/checker/comparisons.go:17.14,19.3 1 0
github.com/liangyaopei/checker/comparisons.go:20.34,23.3 1 2
github.com/liangyaopei/checker/comparisons.go:28.64,34.2 1 5
github.com/liangyaopei/checker/comparisons.go:42.60,44.14 2 1
github.com/liangyaopei/checker/comparisons.go:47.2,47.34 1 1
github.com/liangyaopei/checker/comparisons.go:52.2,52.17 1 1
github.com/liangyaopei/checker/comparisons.go:44.14,46.3 1 0
github.com/liangyaopei/checker/comparisons.go:47.34,51.3 1 0
github.com/liangyaopei/checker/comparisons.go:56.58,62.2 1 1
github.com/liangyaopei/checker/comparisons.go:70.61,72.14 2 1
github.com/liangyaopei/checker/comparisons.go:75.2,75.35 1 1
github.com/liangyaopei/checker/comparisons.go:80.2,80.17 1 1
github.com/liangyaopei/checker/comparisons.go:72.14,74.3 1 0
github.com/liangyaopei/checker/comparisons.go:75.35,79.3 1 0
github.com/liangyaopei/checker/comparisons.go:84.60,90.2 1 1
github.com/liangyaopei/checker/comparisons.go:98.62,100.14 2 1
github.com/liangyaopei/checker/comparisons.go:103.2,103.36 1 1
github.com/liangyaopei/checker/comparisons.go:108.2,108.17 1 1
github.com/liangyaopei/checker/comparisons.go:100.14,102.3 1 0
github.com/liangyaopei/checker/comparisons.go:103.36,107.3 1 0
github.com/liangyaopei/checker/comparisons.go:112.64,118.2 1 1
github.com/liangyaopei/checker/comparisons.go:126.66,128.14 2 2
github.com/liangyaopei/checker/comparisons.go:131.2,131.32 1 2
github.com/liangyaopei/checker/comparisons.go:136.2,136.17 1 2
github.com/liangyaopei/checker/comparisons.go:128.14,130.3 1 0
github.com/liangyaopei/checker/comparisons.go:131.32,135.3 1 0
github.com/liangyaopei/checker/comparisons.go:140.70,146.2 1 2
github.com/liangyaopei/checker/comparisons.go:155.69,157.14 2 2
github.com/liangyaopei/checker/comparisons.go:160.2,161.16 2 2
github.com/liangyaopei/checker/comparisons.go:167.2,167.38 1 2
github.com/liangyaopei/checker/comparisons.go:172.2,172.17 1 2
github.com/liangyaopei/checker/comparisons.go:157.14,159.3 1 0
github.com/liangyaopei/checker/comparisons.go:161.16,165.3 1 0
github.com/liangyaopei/checker/comparisons.go:167.38,171.3 1 0
github.com/liangyaopei/checker/comparisons.go:176.88,183.2 1 2
github.com/liangyaopei/checker/comparisons.go:191.63,193.14 2 1
github.com/liangyaopei/checker/comparisons.go:196.2,196.36 1 1
github.com/liangyaopei/checker/comparisons.go:201.2,201.17 1 1
github.com/liangyaopei/checker/comparisons.go:193.14,195.3 1 0
github.com/liangyaopei/checker/comparisons.go:196.36,200.3 1 0
github.com/liangyaopei/checker/comparisons.go:205.66,211.2 1 1
github.com/liangyaopei/checker/comparisons.go:219.60,221.14 2 1
github.com/liangyaopei/checker/comparisons.go:224.2,224.36 1 1
github.com/liangyaopei/checker/comparisons.go:229.2,229.17 1 1
github.com/liangyaopei/checker/comparisons.go:221.14,223.3 1 0
github.com/liangyaopei/checker/comparisons.go:224.36,228.3 1 0
github.com/liangyaopei/checker/comparisons.go:233.60,239.2 1 1
github.com/liangyaopei/checker/comparisons.go:247.61,249.14 2 1
github.com/liangyaopei/checker/comparisons.go:252.2,252.37 1 1
github.com/liangyaopei/checker/comparisons.go:257.2,257.17 1 1
github.com/liangyaopei/checker/comparisons.go:249.14,251.3 1 0
github.com/liangyaopei/checker/comparisons.go:252.37,256.3 1 0
github.com/liangyaopei/checker/comparisons.go:261.62,267.2 1 1
github.com/liangyaopei/checker/comparisons.go:275.62,277.14 2 1
github.com/liangyaopei/checker/comparisons.go:280.2,280.38 1 1
github.com/liangyaopei/checker/comparisons.go:285.2,285.17 1 1
github.com/liangyaopei/checker/comparisons.go:277.14,279.3 1 0
github.com/liangyaopei/checker/comparisons.go:280.38,284.3 1 0
github.com/liangyaopei/checker/comparisons.go:289.66,295.2 1 1
github.com/liangyaopei/checker/comparisons.go:303.62,305.14 2 1
github.com/liangyaopei/checker/comparisons.go:308.2,308.33 1 1
github.com/liangyaopei/checker/comparisons.go:313.2,313.17 1 1
github.com/liangyaopei/checker/comparisons.go:305.14,307.3 1 0
github.com/liangyaopei/checker/comparisons.go:308.33,312.3 1 0
github.com/liangyaopei/checker/comparisons.go:317.72,323.2 1 1
github.com/liangyaopei/checker/comparisons.go:332.69,334.14 2 1
github.com/liangyaopei/checker/comparisons.go:337.2,338.16 2 1
github.com/liangyaopei/checker/comparisons.go:344.2,344.39 1 1
github.com/liangyaopei/checker/comparisons.go:349.2,349.17 1 1
github.com/liangyaopei/checker/comparisons.go:334.14,336.3 1 0
github.com/liangyaopei/checker/comparisons.go:338.16,342.3 1 0
github.com/liangyaopei/checker/comparisons.go:344.39,348.3 1 0
github.com/liangyaopei/checker/comparisons.go:353.90,360.2 1 1
github.com/liangyaopei/checker/comparisons.go:369.63,371.14 2 12
github.com/liangyaopei/checker/comparisons.go:374.2,374.48 1 12
github.com/liangyaopei/checker/comparisons.go:379.2,379.17 1 12
github.com/liangyaopei/checker/comparisons.go:371.14,373.3 1 0
github.com/liangyaopei/checker/comparisons.go:374.48,378.3 1 0
github.com/liangyaopei/checker/comparisons.go:383.61,390.2 1 6
github.com/liangyaopei/checker/comparisons.go:399.64,401.14 2 1
github.com/liangyaopei/checker/comparisons.go:404.2,404.50 1 1
github.com/liangyaopei/checker/comparisons.go:409.2,409.17 1 1
github.com/liangyaopei/checker/comparisons.go:401.14,403.3 1 0
github.com/liangyaopei/checker/comparisons.go:404.50,408.3 1 0
github.com/liangyaopei/checker/comparisons.go:413.64,420.2 1 1
github.com/liangyaopei/checker/comparisons.go:429.65,431.14 2 1
github.com/liangyaopei/checker/comparisons.go:434.2,434.52 1 1
github.com/liangyaopei/checker/comparisons.go:439.2,439.17 1 1
github.com/liangyaopei/checker/comparisons.go:431.14,433.3 1 0
github.com/liangyaopei/checker/comparisons.go:434.52,438.3 1 0
github.com/liangyaopei/checker/comparisons.go:443.71,450.2 1 1
github.com/liangyaopei/checker/comparisons.go:459.69,461.14 2 2
github.com/liangyaopei/checker/comparisons.go:464.2,464.45 1 2
github.com/liangyaopei/checker/comparisons.go:469.2,469.17 1 2
github.com/liangyaopei/checker/comparisons.go:461.14,463.3 1 0
github.com/liangyaopei/checker/comparisons.go:464.45,468.3 1 0
github.com/liangyaopei/checker/comparisons.go:473.79,480.2 1 2
github.com/liangyaopei/checker/comparisons.go:490.72,492.14 2 2
github.com/liangyaopei/checker/comparisons.go:495.2,496.16 2 2
github.com/liangyaopei/checker/comparisons.go:502.2,502.57 1 2
github.com/liangyaopei/checker/comparisons.go:507.2,507.17 1 2
github.com/liangyaopei/checker/comparisons.go:492.14,494.3 1 0
github.com/liangyaopei/checker/comparisons.go:496.16,500.3 1 0
github.com/liangyaopei/checker/comparisons.go:502.57,506.3 1 0
github.com/liangyaopei/checker/comparisons.go:511.97,519.2 1 2
github.com/liangyaopei/checker/comparisons.go:527.61,529.14 2 1
github.com/liangyaopei/checker/comparisons.go:532.2,532.42 1 1
github.com/liangyaopei/checker/comparisons.go:538.2,538.17 1 1
github.com/liangyaopei/checker/comparisons.go:529.14,531.3 1 0
github.com/liangyaopei/checker/comparisons.go:532.42,537.3 1 0
github.com/liangyaopei/checker/comparisons.go:543.66,549.2 1 1
github.com/liangyaopei/checker/comparisons.go:557.61,559.14 2 1
github.com/liangyaopei/checker/comparisons.go:562.2,562.43 1 1
github.com/liangyaopei/checker/comparisons.go:568.2,568.17 1 1
github.com/liangyaopei/checker/comparisons.go:559.14,561.3 1 0
github.com/liangyaopei/checker/comparisons.go:562.43,567.3 1 0
github.com/liangyaopei/checker/comparisons.go:573.68,579.2 1 1
github.com/liangyaopei/checker/comparisons.go:588.64,590.14 2 1
github.com/liangyaopei/checker/comparisons.go:593.2,593.67 1 1
github.com/liangyaopei/checker/comparisons.go:597.2,597.17 1 1
github.com/liangyaopei/checker/comparisons.go:590.14,592.3 1 0
github.com/liangyaopei/checker/comparisons.go:593.67,596.3 1 0
github.com/liangyaopei/checker/comparisons.go:602.76,609.2 1 1
github.com/liangyaopei/checker/comparisons.go:611.88,613.29 2 21
github.com/liangyaopei/checker/comparisons.go:617.2,617.22 1 21
github.com/liangyaopei/checker/comparisons.go:621.2,622.48 1 21
github.com/liangyaopei/checker/comparisons.go:627.2,627.34 1 21
github.com/liangyaopei/checker/comparisons.go:613.29,616.3 1 0
github.com/liangyaopei/checker/comparisons.go:617.22,620.3 1 0
github.com/liangyaopei/checker/comparisons.go:622.48,626.3 1 0
github.com/liangyaopei/checker/comparisons.go:630.90,632.29 2 4
github.com/liangyaopei/checker/comparisons.go:636.2,636.22 1 4
github.com/liangyaopei/checker/comparisons.go:640.2,641.50 1 4
github.com/liangyaopei/checker/comparisons.go:646.2,646.35 1 4
github.com/liangyaopei/checker/comparisons.go:632.29,635.3 1 0
github.com/liangyaopei/checker/comparisons.go:636.22,639.3 1 0
github.com/liangyaopei/checker/comparisons.go:641.50,645.3 1 0
github.com/liangyaopei/checker/comparisons.go:649.94,651.29 2 4
github.com/liangyaopei/checker/comparisons.go:655.2,655.22 1 4
github.com/liangyaopei/checker/comparisons.go:660.2,660.56 1 4
github.com/liangyaopei/checker/comparisons.go:665.2,665.38 1 4
github.com/liangyaopei/checker/comparisons.go:651.29,654.3 1 0
github.com/liangyaopei/checker/comparisons.go:655.22,658.3 1 0
github.com/liangyaopei/checker/comparisons.go:660.56,664.3 1 0
github.com/liangyaopei/checker/comparisons.go:668.95,670.29 2 5
github.com/liangyaopei/checker/comparisons.go:674.2,674.22 1 5
github.com/liangyaopei/checker/comparisons.go:678.2,679.9 2 5
github.com/liangyaopei/checker/comparisons.go:684.2,684.24 1 5
github.com/liangyaopei/checker/comparisons.go:670.29,673.3 1 0
github.com/liangyaopei/checker/comparisons.go:674.22,677.3 1 0
github.com/liangyaopei/checker/comparisons.go:679.9,683.3 1 0
github.com/liangyaopei/checker/comparisons.go:687.102,689.29 2 3
github.com/liangyaopei/checker/comparisons.go:693.2,693.22 1 3
github.com/liangyaopei/checker/comparisons.go:697.2,698.9 2 3
github.com/liangyaopei/checker/comparisons.go:703.2,703.23 1 3
github.com/liangyaopei/checker/comparisons.go:689.29,692.3 1 0
github.com/liangyaopei/checker/comparisons.go:693.22,696.3 1 0
github.com/liangyaopei/checker/comparisons.go:698.9,702.3 1 0
github.com/liangyaopei/checker/crossfield.go:23.37,25.2 1 0
github.com/liangyaopei/checker/crossfield.go:29.37,31.2 1 0
github.com/liangyaopei/checker/crossfield.go:35.37,37.2 1 0
github.com/liangyaopei/checker/crossfield.go:41.37,43.2 1 0
github.com/liangyaopei/checker/crossfield.go:47.37,49.2 1 0
github.com/liangyaopei/checker/crossfield.go:53.37,55.2 1 0
github.com/liangyaopei/checker/crossfield.go:75.72,77.29 2 5
github.com/liangyaopei/checker/crossfield.go:81.2,81.26 1 5
github.com/liangyaopei/checker/crossfield.go:86.2,87.29 2 5
github.com/liangyaopei/checker/crossfield.go:91.2,91.27 1 5
github.com/liangyaopei/checker/crossfield.go:96.2,99.45 3 5
github.com/liangyaopei/checker/crossfield.go:105.2,106.30 2 5
github.com/liangyaopei/checker/crossfield.go:126.2,126.14 1 5
github.com/liangyaopei/checker/crossfield.go:131.2,131.17 1 5
github.com/liangyaopei/checker/crossfield.go:77.29,80.3 1 0
github.com/liangyaopei/checker/crossfield.go:81.26,84.3 1 0
github.com/liangyaopei/checker/crossfield.go:87.29,90.3 1 0
github.com/liangyaopei/checker/crossfield.go:91.27,94.3 1 0
github.com/liangyaopei/checker/crossfield.go:99.45,104.3 1 0
github.com/liangyaopei/checker/crossfield.go:107.11,108.66 1 1
github.com/liangyaopei/checker/crossfield.go:109.12,110.69 1 1
github.com/liangyaopei/checker/crossfield.go:111.15,112.74 1 1
github.com/liangyaopei/checker/crossfield.go:113.14,114.75 1 0
github.com/liangyaopei/checker/crossfield.go:115.17,118.51 3 1
github.com/liangyaopei/checker/crossfield.go:119.18,122.69 3 1
github.com/liangyaopei/checker/crossfield.go:123.10,124.18 1 0
github.com/liangyaopei/checker/crossfield.go:126.14,130.3 1 0
github.com/liangyaopei/checker/crossfield.go:136.93,143.2 1 5
github.com/liangyaopei/checker/crossfield.go:145.59,146.19 1 1
github.com/liangyaopei/checker/crossfield.go:147.17,148.23 1 0
github.com/liangyaopei/checker/crossfield.go:149.17,150.23 1 1
github.com/liangyaopei/checker/crossfield.go:151.17,152.22 1 0
github.com/liangyaopei/checker/crossfield.go:153.17,154.23 1 0
github.com/liangyaopei/checker/crossfield.go:155.17,156.22 1 0
github.com/liangyaopei/checker/crossfield.go:157.17,158.23 1 0
github.com/liangyaopei/checker/crossfield.go:159.10,160.15 1 0
github.com/liangyaopei/checker/crossfield.go:164.62,165.19 1 1
github.com/liangyaopei/checker/crossfield.go:166.17,167.23 1 0
github.com/liangyaopei/checker/crossfield.go:168.17,169.23 1 0
github.com/liangyaopei/checker/crossfield.go:170.17,171.22 1 1
github.com/liangyaopei/checker/crossfield.go:172.17,173.23 1 0
github.com/liangyaopei/checker/crossfield.go:174.17,175.22 1 0
github.com/liangyaopei/checker/crossfield.go:176.17,177.23 1 0
github.com/liangyaopei/checker/crossfield.go:178.10,179.15 1 0
github.com/liangyaopei/checker/crossfield.go:183.67,184.19 1 1
github.com/liangyaopei/checker/crossfield.go:185.17,186.23 1 0
github.com/liangyaopei/checker/crossfield.go:187.17,188.23 1 0
github.com/liangyaopei/checker/crossfield.go:189.17,190.22 1 0
github.com/liangyaopei/checker/crossfield.go:191.17,192.23 1 0
github.com/liangyaopei/checker/crossfield.go:193.17,194.22 1 1
github.com/liangyaopei/checker/crossfield.go:195.17,196.23 1 0
github.com/liangyaopei/checker/crossfield.go:197.10,198.15 1 0
github.com/liangyaopei/checker/crossfield.go:202.64,203.19 1 0
github.com/liangyaopei/checker/crossfield.go:204.17,205.23 1 0
github.com/liangyaopei/checker/crossfield.go:206.17,207.23 1 0
github.com/liangyaopei/checker/crossfield.go:208.17,209.22 1 0
github.com/liangyaopei/checker/crossfield.go:210.17,211.23 1 0
github.com/liangyaopei/checker/crossfield.go:212.17,213.22 1 0
github.com/liangyaopei/checker/crossfield.go:214.17,215.23 1 0
github.com/liangyaopei/checker/crossfield.go:216.10,217.15 1 0
github.com/liangyaopei/checker/crossfield.go:221.68,222.19 1 1
github.com/liangyaopei/checker/crossfield.go:223.17,224.27 1 0
github.com/liangyaopei/checker/crossfield.go:225.17,226.28 1 0
github.com/liangyaopei/checker/crossfield.go:227.17,228.27 1 0
github.com/liangyaopei/checker/crossfield.go:229.17,230.48 1 0
github.com/liangyaopei/checker/crossfield.go:231.17,232.28 1 0
github.com/liangyaopei/checker/crossfield.go:233.17,234.49 1 1
github.com/liangyaopei/checker/crossfield.go:235.10,236.15 1 0
github.com/liangyaopei/checker/crossfield.go:240.76,241.19 1 1
github.com/liangyaopei/checker/crossfield.go:242.17,243.29 1 0
github.com/liangyaopei/checker/crossfield.go:244.17,245.30 1 0
github.com/liangyaopei/checker/crossfield.go:246.17,247.31 1 0
github.com/liangyaopei/checker/crossfield.go:248.17,249.54 1 1
github.com/liangyaopei/checker/crossfield.go:250.17,251.30 1 0
github.com/liangyaopei/checker/crossfield.go:252.17,253.53 1 0
github.com/liangyaopei/checker/crossfield.go:254.10,255.15 1 0
github.com/liangyaopei/checker/nonzero.go:13.62,15.29 2 4
github.com/liangyaopei/checker/nonzero.go:19.2,19.22 1 4
github.com/liangyaopei/checker/nonzero.go:23.2,24.21 2 4
github.com/liangyaopei/checker/nonzero.go:28.2,28.17 1 4
github.com/liangyaopei/checker/nonzero.go:15.29,18.3 1 0
github.com/liangyaopei/checker/nonzero.go:19.22,22.3 1 0
github.com/liangyaopei/checker/nonzero.go:24.21,27.3 1 0
github.com/liangyaopei/checker/nonzero.go:33.44,38.2 1 4
github.com/liangyaopei/checker/rule.go:19.58,20.36 1 10
github.com/liangyaopei/checker/rule.go:26.2,26.17 1 6
github.com/liangyaopei/checker/rule.go:20.36,22.15 2 18
github.com/liangyaopei/checker/rule.go:22.15,24.4 1 4
github.com/liangyaopei/checker/rule.go:31.37,35.2 1 8
github.com/liangyaopei/checker/rule.go:41.57,43.36 2 3
github.com/liangyaopei/checker/rule.go:50.2,52.35 1 1
github.com/liangyaopei/checker/rule.go:43.36,45.14 2 5
github.com/liangyaopei/checker/rule.go:48.3,48.35 1 3
github.com/liangyaopei/checker/rule.go:45.14,47.4 1 2
github.com/liangyaopei/checker/rule.go:57.36,61.2 1 2
github.com/liangyaopei/checker/rule.go:67.58,70.14 3 0
github.com/liangyaopei/checker/rule.go:74.2,74.17 1 0
github.com/liangyaopei/checker/rule.go:70.14,73.3 1 0
github.com/liangyaopei/checker/rule.go:78.38,82.2 1 0
github.com/liangyaopei/checker/rule.go:84.90,86.21 2 104
github.com/liangyaopei/checker/rule.go:90.2,91.34 2 87
github.com/liangyaopei/checker/rule.go:103.2,103.34 1 86
github.com/liangyaopei/checker/rule.go:110.2,110.23 1 85
github.com/liangyaopei/checker/rule.go:113.2,113.42 1 85
github.com/liangyaopei/checker/rule.go:86.21,88.3 1 17
github.com/liangyaopei/checker/rule.go:91.34,93.35 2 96
github.com/liangyaopei/checker/rule.go:96.3,96.59 1 96
github.com/liangyaopei/checker/rule.go:99.3,99.36 1 95
github.com/liangyaopei/checker/rule.go:93.35,95.4 1 9
github.com/liangyaopei/checker/rule.go:96.59,98.4 1 1
github.com/liangyaopei/checker/rule.go:103.34,104.21 1 6
github.com/liangyaopei/checker/rule.go:107.3,107.25 1 5
github.com/liangyaopei/checker/rule.go:104.21,106.4 1 1
github.com/liangyaopei/checker/rule.go:110.23,112.3 1 0
github.com/liangyaopei/checker/rule.go:117.90,119.2 1 1
